# JRE version: OpenJDK Runtime Environment (24.0.1+9) (build 24.0.1+9-30)
# Java VM: OpenJDK 64-Bit Server VM (24.0.1+9-30, mixed mode, sharing, tiered, compressed oops, compressed class ptrs, g1 gc, windows-amd64)
GC Precious Log:
 CardTable entry size: 512
 Card Set container configuration: InlinePtr #cards 4 size 8 Array Of Cards #cards 16 size 48 Howl #buckets 8 coarsen threshold 3686 Howl Bitmap #cards 512 size 80 coarsen threshold 460 Card regions per heap region 1 cards per card region 4096
 CPUs: 16 total, 16 available
 Memory: 15017M
 Large Page Support: Disabled
 NUMA Support: Disabled
 Compressed Oops: Enabled (Zero based)
 Heap Region Size: 2M
 Heap Min Capacity: 8M
 Heap Initial Capacity: 236M
 Heap Max Capacity: 3756M
 Pre-touch: Disabled
 Parallel Workers: 13
 Concurrent Workers: 3
 Concurrent Refinement Workers: 13
 Periodic GC: Disabled
Heap:
 garbage-first heap   total reserved 3846144K, committed 151552K, used 60577K [0x0000000715400000, 0x0000000800000000)
  region size 2048K, 2 young (4096K), 1 survivors (2048K)
 Metaspace       used 33494K, committed 34048K, reserved 1114112K
  class space    used 3149K, committed 3392K, reserved 1048576K
GC Heap History (19 events):
Event: 1.138 GC heap before
{Heap before GC invocations=0 (full 0):
 garbage-first heap   total reserved 3846144K, committed 243712K, used 50288K [0x0000000715400000, 0x0000000800000000)
  region size 2048K, 24 young (49152K), 0 survivors (0K)
 Metaspace       used 9009K, committed 9216K, reserved 1114112K
  class space    used 789K, committed 896K, reserved 1048576K
}
Event: 1.144 GC heap after
{Heap after GC invocations=1 (full 0):
 garbage-first heap   total reserved 3846144K, committed 243712K, used 5565K [0x0000000715400000, 0x0000000800000000)
  region size 2048K, 3 young (6144K), 3 survivors (6144K)
 Metaspace       used 9009K, committed 9216K, reserved 1114112K
  class space    used 789K, committed 896K, reserved 1048576K
}
Event: 2.887 GC heap before
{Heap before GC invocations=1 (full 0):
 garbage-first heap   total reserved 3846144K, committed 243712K, used 112061K [0x0000000715400000, 0x0000000800000000)
  region size 2048K, 55 young (112640K), 3 survivors (6144K)
 Metaspace       used 16721K, committed 16960K, reserved 1114112K
  class space    used 1588K, committed 1664K, reserved 1048576K
}
Event: 2.903 GC heap after
{Heap after GC invocations=2 (full 0):
 garbage-first heap   total reserved 3846144K, committed 243712K, used 14933K [0x0000000715400000, 0x0000000800000000)
  region size 2048K, 7 young (14336K), 7 survivors (14336K)
 Metaspace       used 16721K, committed 16960K, reserved 1114112K
  class space    used 1588K, committed 1664K, reserved 1048576K
}
Event: 4.506 GC heap before
{Heap before GC invocations=2 (full 0):
 garbage-first heap   total reserved 3846144K, committed 243712K, used 107093K [0x0000000715400000, 0x0000000800000000)
  region size 2048K, 53 young (108544K), 7 survivors (14336K)
 Metaspace       used 21150K, committed 21504K, reserved 1114112K
  class space    used 1984K, committed 2176K, reserved 1048576K
}
Event: 4.519 GC heap after
{Heap after GC invocations=3 (full 0):
 garbage-first heap   total reserved 3846144K, committed 243712K, used 19419K [0x0000000715400000, 0x0000000800000000)
  region size 2048K, 3 young (6144K), 3 survivors (6144K)
 Metaspace       used 21150K, committed 21504K, reserved 1114112K
  class space    used 1984K, committed 2176K, reserved 1048576K
}
Event: 5.665 GC heap before
{Heap before GC invocations=4 (full 0):
 garbage-first heap   total reserved 3846144K, committed 75776K, used 72667K [0x0000000715400000, 0x0000000800000000)
  region size 2048K, 27 young (55296K), 3 survivors (6144K)
 Metaspace       used 27021K, committed 27456K, reserved 1114112K
  class space    used 2574K, committed 2752K, reserved 1048576K
}
Event: 5.687 GC heap after
{Heap after GC invocations=5 (full 0):
 garbage-first heap   total reserved 3846144K, committed 98304K, used 40693K [0x0000000715400000, 0x0000000800000000)
  region size 2048K, 9 young (18432K), 9 survivors (18432K)
 Metaspace       used 27021K, committed 27456K, reserved 1114112K
  class space    used 2574K, committed 2752K, reserved 1048576K
}
Event: 6.184 GC heap before
{Heap before GC invocations=5 (full 0):
 garbage-first heap   total reserved 3846144K, committed 98304K, used 71413K [0x0000000715400000, 0x0000000800000000)
  region size 2048K, 24 young (49152K), 9 survivors (18432K)
 Metaspace       used 27537K, committed 27968K, reserved 1114112K
  class space    used 2635K, committed 2816K, reserved 1048576K
}
Event: 6.221 GC heap after
{Heap after GC invocations=6 (full 0):
 garbage-first heap   total reserved 3846144K, committed 102400K, used 48628K [0x0000000715400000, 0x0000000800000000)
  region size 2048K, 3 young (6144K), 3 survivors (6144K)
 Metaspace       used 27537K, committed 27968K, reserved 1114112K
  class space    used 2635K, committed 2816K, reserved 1048576K
}
Event: 6.515 GC heap before
{Heap before GC invocations=6 (full 0):
 garbage-first heap   total reserved 3846144K, committed 102400K, used 79348K [0x0000000715400000, 0x0000000800000000)
  region size 2048K, 18 young (36864K), 3 survivors (6144K)
 Metaspace       used 27932K, committed 28288K, reserved 1114112K
  class space    used 2647K, committed 2816K, reserved 1048576K
}
Event: 6.537 GC heap after
{Heap after GC invocations=7 (full 0):
 garbage-first heap   total reserved 3846144K, committed 102400K, used 54241K [0x0000000715400000, 0x0000000800000000)
  region size 2048K, 3 young (6144K), 3 survivors (6144K)
 Metaspace       used 27932K, committed 28288K, reserved 1114112K
  class space    used 2647K, committed 2816K, reserved 1048576K
}
Event: 7.103 GC heap before
{Heap before GC invocations=7 (full 0):
 garbage-first heap   total reserved 3846144K, committed 102400K, used 82913K [0x0000000715400000, 0x0000000800000000)
  region size 2048K, 17 young (34816K), 3 survivors (6144K)
 Metaspace       used 28642K, committed 29056K, reserved 1114112K
  class space    used 2693K, committed 2880K, reserved 1048576K
}
Event: 7.122 GC heap after
{Heap after GC invocations=8 (full 0):
 garbage-first heap   total reserved 3846144K, committed 102400K, used 56920K [0x0000000715400000, 0x0000000800000000)
  region size 2048K, 2 young (4096K), 2 survivors (4096K)
 Metaspace       used 28642K, committed 29056K, reserved 1114112K
  class space    used 2693K, committed 2880K, reserved 1048576K
}
Event: 7.583 GC heap before
{Heap before GC invocations=9 (full 0):
 garbage-first heap   total reserved 3846144K, committed 102400K, used 81496K [0x0000000715400000, 0x0000000800000000)
  region size 2048K, 16 young (32768K), 2 survivors (4096K)
 Metaspace       used 30632K, committed 30976K, reserved 1114112K
  class space    used 2846K, committed 3008K, reserved 1048576K
}
Event: 7.594 GC heap after
{Heap after GC invocations=10 (full 0):
 garbage-first heap   total reserved 3846144K, committed 102400K, used 56237K [0x0000000715400000, 0x0000000800000000)
  region size 2048K, 1 young (2048K), 1 survivors (2048K)
 Metaspace       used 30632K, committed 30976K, reserved 1114112K
  class space    used 2846K, committed 3008K, reserved 1048576K
}
Event: 8.617 GC heap before
{Heap before GC invocations=10 (full 0):
 garbage-first heap   total reserved 3846144K, committed 102400K, used 84909K [0x0000000715400000, 0x0000000800000000)
  region size 2048K, 15 young (30720K), 1 survivors (2048K)
 Metaspace       used 32263K, committed 32704K, reserved 1114112K
  class space    used 3016K, committed 3200K, reserved 1048576K
}
Event: 8.623 GC heap after
{Heap after GC invocations=11 (full 0):
 garbage-first heap   total reserved 3846144K, committed 151552K, used 56747K [0x0000000715400000, 0x0000000800000000)
  region size 2048K, 2 young (4096K), 2 survivors (4096K)
 Metaspace       used 32263K, committed 32704K, reserved 1114112K
  class space    used 3016K, committed 3200K, reserved 1048576K
}
Event: 9.708 GC heap before
{Heap before GC invocations=11 (full 0):
 garbage-first heap   total reserved 3846144K, committed 151552K, used 120235K [0x0000000715400000, 0x0000000800000000)
  region size 2048K, 33 young (67584K), 2 survivors (4096K)
 Metaspace       used 33483K, committed 34048K, reserved 1114112K
  class space    used 3149K, committed 3392K, reserved 1048576K
}

